Wed Nov 22 2017 18:46:43 GMT-0800 (PST): GET /about
Wed Nov 22 2017 18:49:13 GMT-0800 (PST): GET /about
Wed Nov 22 2017 18:50:15 GMT-0800 (PST): GET /about
Wed Nov 22 2017 18:50:25 GMT-0800 (PST): GET /about
Wed Nov 22 2017 18:50:26 GMT-0800 (PST): GET /about
Wed Nov 22 2017 18:50:58 GMT-0800 (PST): GET /about
Wed Nov 22 2017 18:51:12 GMT-0800 (PST): GET /about
Wed Nov 22 2017 18:51:25 GMT-0800 (PST): GET /about
Wed Nov 22 2017 18:51:43 GMT-0800 (PST): GET /about
Wed Nov 22 2017 19:14:33 GMT-0800 (PST): GET /about
Wed Nov 22 2017 19:14:36 GMT-0800 (PST): GET /
Wed Nov 22 2017 19:14:42 GMT-0800 (PST): GET /
Wed Nov 22 2017 19:15:00 GMT-0800 (PST): GET /
Wed Nov 22 2017 19:25:25 GMT-0800 (PST): GET /
Wed Nov 22 2017 19:26:43 GMT-0800 (PST): GET /
Wed Nov 22 2017 19:26:45 GMT-0800 (PST): GET /
Wed Nov 22 2017 19:29:23 GMT-0800 (PST): GET /
Wed Nov 22 2017 19:29:25 GMT-0800 (PST): GET /
Wed Nov 22 2017 19:30:05 GMT-0800 (PST): GET /
Wed Nov 22 2017 19:30:07 GMT-0800 (PST): GET /
Wed Nov 22 2017 19:31:27 GMT-0800 (PST): GET /
Wed Nov 22 2017 19:31:45 GMT-0800 (PST): GET /
Wed Nov 22 2017 19:31:56 GMT-0800 (PST): GET /
Wed Nov 22 2017 19:33:47 GMT-0800 (PST): GET /
Wed Nov 22 2017 19:33:55 GMT-0800 (PST): GET /home
Wed Nov 22 2017 19:34:01 GMT-0800 (PST): GET /home
Wed Nov 22 2017 19:34:14 GMT-0800 (PST): GET /home
Wed Nov 22 2017 19:34:24 GMT-0800 (PST): GET /home
Wed Nov 22 2017 19:34:35 GMT-0800 (PST): GET /home
Wed Nov 22 2017 19:35:10 GMT-0800 (PST): GET /home
Wed Nov 22 2017 19:35:39 GMT-0800 (PST): GET /maintence
Wed Nov 22 2017 19:36:16 GMT-0800 (PST): GET /maintence
Wed Nov 22 2017 19:36:24 GMT-0800 (PST): GET /
Wed Nov 22 2017 19:36:27 GMT-0800 (PST): GET /
Wed Nov 22 2017 19:36:32 GMT-0800 (PST): GET /about
Wed Nov 22 2017 19:38:32 GMT-0800 (PST): GET /about
Wed Nov 22 2017 19:38:37 GMT-0800 (PST): GET /help.html
Wed Nov 22 2017 19:39:28 GMT-0800 (PST): GET /help.html
Wed Nov 22 2017 19:39:32 GMT-0800 (PST): GET /
Wed Nov 22 2017 19:39:50 GMT-0800 (PST): GET /
Wed Nov 22 2017 19:39:58 GMT-0800 (PST): GET /
Wed Nov 22 2017 19:40:00 GMT-0800 (PST): GET /
Wed Nov 22 2017 19:40:18 GMT-0800 (PST): GET /
Wed Nov 22 2017 19:40:27 GMT-0800 (PST): GET /
Wed Nov 22 2017 19:40:31 GMT-0800 (PST): GET /
Wed Nov 22 2017 19:40:36 GMT-0800 (PST): GET /about
Wed Nov 22 2017 19:40:43 GMT-0800 (PST): GET /about
Wed Nov 22 2017 20:09:55 GMT-0800 (PST): GET /about
Wed Nov 22 2017 20:09:58 GMT-0800 (PST): GET /
Wed Nov 22 2017 20:10:03 GMT-0800 (PST): GET /matience
Wed Nov 22 2017 20:22:02 GMT-0800 (PST): GET /matience
Wed Nov 22 2017 20:22:07 GMT-0800 (PST): GET /projects
Wed Nov 22 2017 20:22:17 GMT-0800 (PST): GET /projects
Wed Nov 22 2017 20:22:18 GMT-0800 (PST): GET /projects
Wed Nov 22 2017 20:22:40 GMT-0800 (PST): GET /projects
Wed Nov 22 2017 20:22:47 GMT-0800 (PST): GET /projects
Wed Nov 22 2017 20:22:51 GMT-0800 (PST): GET /
Wed Nov 22 2017 20:23:02 GMT-0800 (PST): GET /
Wed Nov 22 2017 20:23:07 GMT-0800 (PST): GET /projects
Wed Nov 22 2017 20:26:37 GMT-0800 (PST): GET /projects
Wed Nov 22 2017 20:27:00 GMT-0800 (PST): GET /projects
Wed Nov 22 2017 20:28:28 GMT-0800 (PST): GET /projects
Wed Nov 22 2017 20:29:55 GMT-0800 (PST): GET /projects
Wed Nov 22 2017 20:30:32 GMT-0800 (PST): GET /projects
Wed Nov 22 2017 20:30:49 GMT-0800 (PST): GET /projects
Wed Nov 22 2017 20:31:41 GMT-0800 (PST): GET /projects
Wed Nov 22 2017 20:31:42 GMT-0800 (PST): GET /about
Wed Nov 22 2017 20:31:44 GMT-0800 (PST): GET /projects
